<?xml version="1.0" encoding="UTF-8"?>
<!-- Generated by org.testng.reporters.JUnitXMLReporter -->
<testsuite ignored="0" hostname="DESKTOP-9P6IIEM" failures="0" tests="3" name="Default test" time="6.629" errors="0" timestamp="2025-09-20T15:03:16 IST">
  <testcase classname="com.NinzaHRMProject.projectTest.SampleTest1" name="test1_1" time="0.004"/>
  <testcase classname="com.NinzaHRMProject.projectTest.SampleTest1" name="test1_2" time="0.002"/>
  <testcase classname="com.NinzaHRMProject.projectTest.SampleTest1" name="test1_3" time="0.002"/>
</testsuite> <!-- Default test -->
