<?xml version="1.0" encoding="UTF-8"?>
<!-- Generated by org.testng.reporters.JUnitXMLReporter -->
<testsuite ignored="1" hostname="DESKTOP-9P6IIEM" failures="0" tests="2" name="Default test" time="6.034" errors="0" timestamp="2025-09-30T11:36:00 IST">
  <testcase classname="com.NinzaHRMProject.projectTest.SampleTest1" name="test1_2" time="0.929"/>
  <testcase classname="com.NinzaHRMProject.projectTest.SampleTest1" name="sample" time="0.002"/>
  <testcase classname="com.NinzaHRMProject.projectTest.SampleTest1" name="test1_3" time="0.0">
    <ignored/>
  </testcase> <!-- test1_3 -->
</testsuite> <!-- Default test -->
