<?xml version="1.0" encoding="UTF-8"?>
<testng-results ignored="2" total="2" passed="0" failed="0" skipped="0">
  <reporter-output>
  </reporter-output>
  <suite started-at="2025-09-25T11:57:52 IST" name="Default suite" finished-at="2025-09-25T11:57:52 IST" duration-ms="22">
    <groups>
    </groups>
    <test started-at="2025-09-25T11:57:52 IST" name="Default test" finished-at="2025-09-25T11:57:52 IST" duration-ms="22">
      <class name="com.NinzaHRMProject.projectTest.SampleTest1">
        <test-method is-config="true" signature="configBS()[pri:0, instance:com.NinzaHRMProject.projectTest.SampleTest1@279fedbd]" started-at="2025-09-25T11:57:52 IST" name="configBS" finished-at="2025-09-25T11:57:52 IST" duration-ms="571" status="PASS">
          <reporter-output>
          </reporter-output>
        </test-method> <!-- configBS -->
        <test-method is-config="true" signature="cofigAS()[pri:0, instance:com.NinzaHRMProject.projectTest.SampleTest1@279fedbd]" started-at="2025-09-25T11:57:52 IST" name="cofigAS" finished-at="2025-09-25T11:57:52 IST" duration-ms="10" status="PASS">
          <reporter-output>
          </reporter-output>
        </test-method> <!-- cofigAS -->
      </class> <!-- com.NinzaHRMProject.projectTest.SampleTest1 -->
    </test> <!-- Default test -->
  </suite> <!-- Default suite -->
</testng-results>
