<?xml version="1.0" encoding="UTF-8"?>
<testng-results ignored="0" total="8" passed="8" failed="0" skipped="0">
  <reporter-output>
  </reporter-output>
  <suite started-at="2025-09-20T16:06:59 IST" name="Suite" finished-at="2025-09-20T16:07:25 IST" duration-ms="26289">
    <groups>
      <group name="Regression">
        <method signature="SampleTest1.test1_2()[pri:0, instance:com.NinzaHRMProject.projectTest.SampleTest1@61322f9d]" name="test1_2" class="com.NinzaHRMProject.projectTest.SampleTest1"/>
        <method signature="SampleTest2.test2_1()[pri:0, instance:com.NinzaHRMProject.projectTest.SampleTest2@4c178a76]" name="test2_1" class="com.NinzaHRMProject.projectTest.SampleTest2"/>
        <method signature="SampleTest2.test2_3()[pri:0, instance:com.NinzaHRMProject.projectTest.SampleTest2@4c178a76]" name="test2_3" class="com.NinzaHRMProject.projectTest.SampleTest2"/>
        <method signature="SampleTest3.test3_2()[pri:0, instance:com.NinzaHRMProject.projectTest.SampleTest3@b2c9a9c]" name="test3_2" class="com.NinzaHRMProject.projectTest.SampleTest3"/>
        <method signature="SampleTest1.test1_2()[pri:0, instance:com.NinzaHRMProject.projectTest.SampleTest1@3af9c5b7]" name="test1_2" class="com.NinzaHRMProject.projectTest.SampleTest1"/>
        <method signature="SampleTest2.test2_1()[pri:0, instance:com.NinzaHRMProject.projectTest.SampleTest2@ed7f8b4]" name="test2_1" class="com.NinzaHRMProject.projectTest.SampleTest2"/>
        <method signature="SampleTest2.test2_3()[pri:0, instance:com.NinzaHRMProject.projectTest.SampleTest2@ed7f8b4]" name="test2_3" class="com.NinzaHRMProject.projectTest.SampleTest2"/>
        <method signature="SampleTest3.test3_2()[pri:0, instance:com.NinzaHRMProject.projectTest.SampleTest3@37271612]" name="test3_2" class="com.NinzaHRMProject.projectTest.SampleTest3"/>
      </group> <!-- Regression -->
      <group name="Smoke">
        <method signature="SampleTest1.test1_3()[pri:0, instance:com.NinzaHRMProject.projectTest.SampleTest1@61322f9d]" name="test1_3" class="com.NinzaHRMProject.projectTest.SampleTest1"/>
        <method signature="SampleTest2.test2_2()[pri:0, instance:com.NinzaHRMProject.projectTest.SampleTest2@4c178a76]" name="test2_2" class="com.NinzaHRMProject.projectTest.SampleTest2"/>
        <method signature="SampleTest3.test3_1()[pri:0, instance:com.NinzaHRMProject.projectTest.SampleTest3@b2c9a9c]" name="test3_1" class="com.NinzaHRMProject.projectTest.SampleTest3"/>
        <method signature="SampleTest3.test3_3()[pri:0, instance:com.NinzaHRMProject.projectTest.SampleTest3@b2c9a9c]" name="test3_3" class="com.NinzaHRMProject.projectTest.SampleTest3"/>
        <method signature="SampleTest1.test1_3()[pri:0, instance:com.NinzaHRMProject.projectTest.SampleTest1@3af9c5b7]" name="test1_3" class="com.NinzaHRMProject.projectTest.SampleTest1"/>
        <method signature="SampleTest2.test2_2()[pri:0, instance:com.NinzaHRMProject.projectTest.SampleTest2@ed7f8b4]" name="test2_2" class="com.NinzaHRMProject.projectTest.SampleTest2"/>
        <method signature="SampleTest3.test3_1()[pri:0, instance:com.NinzaHRMProject.projectTest.SampleTest3@37271612]" name="test3_1" class="com.NinzaHRMProject.projectTest.SampleTest3"/>
        <method signature="SampleTest3.test3_3()[pri:0, instance:com.NinzaHRMProject.projectTest.SampleTest3@37271612]" name="test3_3" class="com.NinzaHRMProject.projectTest.SampleTest3"/>
      </group> <!-- Smoke -->
    </groups>
    <test started-at="2025-09-20T16:06:59 IST" name="Test1" finished-at="2025-09-20T16:07:25 IST" duration-ms="26289">
      <class name="com.NinzaHRMProject.projectTest.SampleTest1">
        <test-method is-config="true" signature="configBC(org.testng.xml.XmlTest)[pri:0, instance:com.NinzaHRMProject.projectTest.SampleTest1@61322f9d]" started-at="2025-09-20T16:06:59 IST" name="configBC" finished-at="2025-09-20T16:07:01 IST" duration-ms="2273" status="PASS">
          <params>
            <param index="0">
              <value>
                <![CDATA[org.testng.xml.XmlTest@51f0be52]]>
              </value>
            </param>
          </params>
          <reporter-output>
          </reporter-output>
        </test-method> <!-- configBC -->
        <test-method is-config="true" signature="configBM()[pri:0, instance:com.NinzaHRMProject.projectTest.SampleTest1@61322f9d]" started-at="2025-09-20T16:07:01 IST" name="configBM" finished-at="2025-09-20T16:07:08 IST" duration-ms="6854" status="PASS">
          <reporter-output>
          </reporter-output>
        </test-method> <!-- configBM -->
        <test-method signature="test1_2()[pri:0, instance:com.NinzaHRMProject.projectTest.SampleTest1@61322f9d]" started-at="2025-09-20T16:07:08 IST" name="test1_2" finished-at="2025-09-20T16:07:08 IST" duration-ms="49" status="PASS">
          <reporter-output>
          </reporter-output>
        </test-method> <!-- test1_2 -->
        <test-method is-config="true" signature="configAM()[pri:0, instance:com.NinzaHRMProject.projectTest.SampleTest1@61322f9d]" started-at="2025-09-20T16:07:08 IST" name="configAM" finished-at="2025-09-20T16:07:09 IST" duration-ms="1379" status="PASS">
          <reporter-output>
          </reporter-output>
        </test-method> <!-- configAM -->
        <test-method is-config="true" signature="configBM()[pri:0, instance:com.NinzaHRMProject.projectTest.SampleTest1@61322f9d]" started-at="2025-09-20T16:07:09 IST" name="configBM" finished-at="2025-09-20T16:07:10 IST" duration-ms="526" status="PASS">
          <reporter-output>
          </reporter-output>
        </test-method> <!-- configBM -->
        <test-method signature="test1_3()[pri:0, instance:com.NinzaHRMProject.projectTest.SampleTest1@61322f9d]" started-at="2025-09-20T16:07:10 IST" name="test1_3" finished-at="2025-09-20T16:07:10 IST" duration-ms="2" status="PASS">
          <reporter-output>
          </reporter-output>
        </test-method> <!-- test1_3 -->
        <test-method is-config="true" signature="configAM()[pri:0, instance:com.NinzaHRMProject.projectTest.SampleTest1@61322f9d]" started-at="2025-09-20T16:07:10 IST" name="configAM" finished-at="2025-09-20T16:07:12 IST" duration-ms="2021" status="PASS">
          <reporter-output>
          </reporter-output>
        </test-method> <!-- configAM -->
        <test-method is-config="true" signature="configAC()[pri:0, instance:com.NinzaHRMProject.projectTest.SampleTest1@61322f9d]" started-at="2025-09-20T16:07:12 IST" name="configAC" finished-at="2025-09-20T16:07:12 IST" duration-ms="217" status="PASS">
          <reporter-output>
          </reporter-output>
        </test-method> <!-- configAC -->
      </class> <!-- com.NinzaHRMProject.projectTest.SampleTest1 -->
      <class name="com.NinzaHRMProject.projectTest.SampleTest2">
        <test-method is-config="true" signature="configBC(org.testng.xml.XmlTest)[pri:0, instance:com.NinzaHRMProject.projectTest.SampleTest2@4c178a76]" started-at="2025-09-20T16:07:19 IST" name="configBC" finished-at="2025-09-20T16:07:21 IST" duration-ms="1856" status="PASS">
          <params>
            <param index="0">
              <value>
                <![CDATA[org.testng.xml.XmlTest@51f0be52]]>
              </value>
            </param>
          </params>
          <reporter-output>
          </reporter-output>
        </test-method> <!-- configBC -->
        <test-method is-config="true" signature="configBM()[pri:0, instance:com.NinzaHRMProject.projectTest.SampleTest2@4c178a76]" started-at="2025-09-20T16:07:21 IST" name="configBM" finished-at="2025-09-20T16:07:22 IST" duration-ms="399" status="PASS">
          <reporter-output>
          </reporter-output>
        </test-method> <!-- configBM -->
        <test-method signature="test2_1()[pri:0, instance:com.NinzaHRMProject.projectTest.SampleTest2@4c178a76]" started-at="2025-09-20T16:07:22 IST" name="test2_1" finished-at="2025-09-20T16:07:22 IST" duration-ms="2" status="PASS">
          <reporter-output>
          </reporter-output>
        </test-method> <!-- test2_1 -->
        <test-method is-config="true" signature="configAM()[pri:0, instance:com.NinzaHRMProject.projectTest.SampleTest2@4c178a76]" started-at="2025-09-20T16:07:22 IST" name="configAM" finished-at="2025-09-20T16:07:22 IST" duration-ms="791" status="PASS">
          <reporter-output>
          </reporter-output>
        </test-method> <!-- configAM -->
        <test-method is-config="true" signature="configBM()[pri:0, instance:com.NinzaHRMProject.projectTest.SampleTest2@4c178a76]" started-at="2025-09-20T16:07:22 IST" name="configBM" finished-at="2025-09-20T16:07:23 IST" duration-ms="475" status="PASS">
          <reporter-output>
          </reporter-output>
        </test-method> <!-- configBM -->
        <test-method signature="test2_2()[pri:0, instance:com.NinzaHRMProject.projectTest.SampleTest2@4c178a76]" started-at="2025-09-20T16:07:23 IST" name="test2_2" finished-at="2025-09-20T16:07:23 IST" duration-ms="3" status="PASS">
          <reporter-output>
          </reporter-output>
        </test-method> <!-- test2_2 -->
        <test-method is-config="true" signature="configAM()[pri:0, instance:com.NinzaHRMProject.projectTest.SampleTest2@4c178a76]" started-at="2025-09-20T16:07:23 IST" name="configAM" finished-at="2025-09-20T16:07:24 IST" duration-ms="702" status="PASS">
          <reporter-output>
          </reporter-output>
        </test-method> <!-- configAM -->
        <test-method is-config="true" signature="configBM()[pri:0, instance:com.NinzaHRMProject.projectTest.SampleTest2@4c178a76]" started-at="2025-09-20T16:07:24 IST" name="configBM" finished-at="2025-09-20T16:07:24 IST" duration-ms="518" status="PASS">
          <reporter-output>
          </reporter-output>
        </test-method> <!-- configBM -->
        <test-method signature="test2_3()[pri:0, instance:com.NinzaHRMProject.projectTest.SampleTest2@4c178a76]" started-at="2025-09-20T16:07:24 IST" name="test2_3" finished-at="2025-09-20T16:07:24 IST" duration-ms="3" status="PASS">
          <reporter-output>
          </reporter-output>
        </test-method> <!-- test2_3 -->
        <test-method is-config="true" signature="configAM()[pri:0, instance:com.NinzaHRMProject.projectTest.SampleTest2@4c178a76]" started-at="2025-09-20T16:07:24 IST" name="configAM" finished-at="2025-09-20T16:07:25 IST" duration-ms="732" status="PASS">
          <reporter-output>
          </reporter-output>
        </test-method> <!-- configAM -->
        <test-method is-config="true" signature="configAC()[pri:0, instance:com.NinzaHRMProject.projectTest.SampleTest2@4c178a76]" started-at="2025-09-20T16:07:25 IST" name="configAC" finished-at="2025-09-20T16:07:25 IST" duration-ms="245" status="PASS">
          <reporter-output>
          </reporter-output>
        </test-method> <!-- configAC -->
      </class> <!-- com.NinzaHRMProject.projectTest.SampleTest2 -->
      <class name="com.NinzaHRMProject.projectTest.SampleTest3">
        <test-method is-config="true" signature="configBC(org.testng.xml.XmlTest)[pri:0, instance:com.NinzaHRMProject.projectTest.SampleTest3@b2c9a9c]" started-at="2025-09-20T16:07:12 IST" name="configBC" finished-at="2025-09-20T16:07:15 IST" duration-ms="2975" status="PASS">
          <params>
            <param index="0">
              <value>
                <![CDATA[org.testng.xml.XmlTest@51f0be52]]>
              </value>
            </param>
          </params>
          <reporter-output>
          </reporter-output>
        </test-method> <!-- configBC -->
        <test-method is-config="true" signature="configBM()[pri:0, instance:com.NinzaHRMProject.projectTest.SampleTest3@b2c9a9c]" started-at="2025-09-20T16:07:15 IST" name="configBM" finished-at="2025-09-20T16:07:16 IST" duration-ms="421" status="PASS">
          <reporter-output>
          </reporter-output>
        </test-method> <!-- configBM -->
        <test-method signature="test3_1()[pri:0, instance:com.NinzaHRMProject.projectTest.SampleTest3@b2c9a9c]" started-at="2025-09-20T16:07:16 IST" name="test3_1" finished-at="2025-09-20T16:07:16 IST" duration-ms="3" status="PASS">
          <reporter-output>
          </reporter-output>
        </test-method> <!-- test3_1 -->
        <test-method is-config="true" signature="configAM()[pri:0, instance:com.NinzaHRMProject.projectTest.SampleTest3@b2c9a9c]" started-at="2025-09-20T16:07:16 IST" name="configAM" finished-at="2025-09-20T16:07:17 IST" duration-ms="1617" status="PASS">
          <reporter-output>
          </reporter-output>
        </test-method> <!-- configAM -->
        <test-method is-config="true" signature="configBM()[pri:0, instance:com.NinzaHRMProject.projectTest.SampleTest3@b2c9a9c]" started-at="2025-09-20T16:07:17 IST" name="configBM" finished-at="2025-09-20T16:07:18 IST" duration-ms="312" status="PASS">
          <reporter-output>
          </reporter-output>
        </test-method> <!-- configBM -->
        <test-method signature="test3_2()[pri:0, instance:com.NinzaHRMProject.projectTest.SampleTest3@b2c9a9c]" started-at="2025-09-20T16:07:18 IST" name="test3_2" finished-at="2025-09-20T16:07:18 IST" duration-ms="4" status="PASS">
          <reporter-output>
          </reporter-output>
        </test-method> <!-- test3_2 -->
        <test-method is-config="true" signature="configAM()[pri:0, instance:com.NinzaHRMProject.projectTest.SampleTest3@b2c9a9c]" started-at="2025-09-20T16:07:18 IST" name="configAM" finished-at="2025-09-20T16:07:18 IST" duration-ms="563" status="PASS">
          <reporter-output>
          </reporter-output>
        </test-method> <!-- configAM -->
        <test-method is-config="true" signature="configBM()[pri:0, instance:com.NinzaHRMProject.projectTest.SampleTest3@b2c9a9c]" started-at="2025-09-20T16:07:18 IST" name="configBM" finished-at="2025-09-20T16:07:18 IST" duration-ms="304" status="PASS">
          <reporter-output>
          </reporter-output>
        </test-method> <!-- configBM -->
        <test-method signature="test3_3()[pri:0, instance:com.NinzaHRMProject.projectTest.SampleTest3@b2c9a9c]" started-at="2025-09-20T16:07:18 IST" name="test3_3" finished-at="2025-09-20T16:07:18 IST" duration-ms="3" status="PASS">
          <reporter-output>
          </reporter-output>
        </test-method> <!-- test3_3 -->
        <test-method is-config="true" signature="configAM()[pri:0, instance:com.NinzaHRMProject.projectTest.SampleTest3@b2c9a9c]" started-at="2025-09-20T16:07:18 IST" name="configAM" finished-at="2025-09-20T16:07:19 IST" duration-ms="618" status="PASS">
          <reporter-output>
          </reporter-output>
        </test-method> <!-- configAM -->
        <test-method is-config="true" signature="configAC()[pri:0, instance:com.NinzaHRMProject.projectTest.SampleTest3@b2c9a9c]" started-at="2025-09-20T16:07:19 IST" name="configAC" finished-at="2025-09-20T16:07:19 IST" duration-ms="316" status="PASS">
          <reporter-output>
          </reporter-output>
        </test-method> <!-- configAC -->
      </class> <!-- com.NinzaHRMProject.projectTest.SampleTest3 -->
    </test> <!-- Test1 -->
  </suite> <!-- Suite -->
</testng-results>
