<?xml version="1.0" encoding="UTF-8"?>
<!-- Generated by org.testng.reporters.JUnitXMLReporter -->
<testsuite ignored="4" hostname="DESKTOP-9P6IIEM" failures="0" tests="8" name="Test" time="17.387" errors="0" timestamp="2025-09-23T13:32:17 IST">
  <testcase classname="com.NinzaHRMProject.projectTest.SampleTest1" name="test1_2" time="0.022"/>
  <testcase classname="com.NinzaHRMProject.projectTest.SampleTest1" name="test1_3" time="0.003"/>
  <testcase classname="com.NinzaHRMProject.projectTest.SampleTest3" name="test3_1" time="0.002"/>
  <testcase classname="com.NinzaHRMProject.projectTest.SampleTest3" name="test3_2" time="0.001"/>
  <testcase classname="com.NinzaHRMProject.projectTest.SampleTest3" name="test3_3" time="0.001"/>
  <testcase classname="com.NinzaHRMProject.projectTest.SampleTest2" name="test2_1" time="0.002"/>
  <testcase classname="com.NinzaHRMProject.projectTest.SampleTest2" name="test2_2" time="0.002"/>
  <testcase classname="com.NinzaHRMProject.projectTest.SampleTest2" name="test2_3" time="0.002"/>
  <testcase classname="com.NinzaHRMProject.generic.baseclassutility.BaseClass" name="@BeforeSuite configBS" time="0.0">
    <ignored/>
  </testcase> <!-- @BeforeSuite configBS -->
  <testcase classname="com.NinzaHRMProject.generic.baseclassutility.BaseClass" name="@BeforeSuite configBS" time="0.0">
    <ignored/>
  </testcase> <!-- @BeforeSuite configBS -->
  <testcase classname="com.NinzaHRMProject.generic.baseclassutility.BaseClass" name="@AfterSuite cofigAS" time="0.0">
    <ignored/>
  </testcase> <!-- @AfterSuite cofigAS -->
  <testcase classname="com.NinzaHRMProject.generic.baseclassutility.BaseClass" name="@AfterSuite cofigAS" time="0.0">
    <ignored/>
  </testcase> <!-- @AfterSuite cofigAS -->
</testsuite> <!-- Test -->
