<?xml version="1.0" encoding="UTF-8"?>
<!-- Generated by org.testng.reporters.JUnitXMLReporter -->
<testsuite ignored="4" hostname="DESKTOP-9P6IIEM" failures="2" tests="2" name="Test2" time="10.125" errors="0" timestamp="2025-09-20T16:07:09 IST">
  <testcase classname="com.NinzaHRMProject.projectTest.SampleTest1" name="test1_2" time="0.0">
    <failure type="java.lang.NullPointerException" message="Cannot invoke &amp;quot;com.aventstack.extentreports.ExtentReports.createTest(String)&amp;quot; because &amp;quot;this.report&amp;quot; is null">
      <![CDATA[java.lang.NullPointerException: Cannot invoke "com.aventstack.extentreports.ExtentReports.createTest(String)" because "this.report" is null
at com.NinzaHRMProject.generic.listenerutility.ListenerImplementation.onTestStart(ListenerImplementation.java:44)
at java.base/java.util.ArrayList.forEach(ArrayList.java:1596)
at java.base/java.util.concurrent.FutureTask.run(FutureTask.java:317)
at java.base/java.util.concurrent.ThreadPoolExecutor.runWorker(ThreadPoolExecutor.java:1144)
at java.base/java.util.concurrent.ThreadPoolExecutor$Worker.run(ThreadPoolExecutor.java:642)
at java.base/java.lang.Thread.run(Thread.java:1583)
... Removed 14 stack frames]]>
    </failure>
  </testcase> <!-- test1_2 -->
  <testcase classname="com.NinzaHRMProject.projectTest.SampleTest1" name="test1_2" time="0.657">
    <failure type="java.lang.NullPointerException" message="Cannot invoke &amp;quot;com.aventstack.extentreports.ExtentTest.log(com.aventstack.extentreports.Status, String)&amp;quot; because &amp;quot;this.test&amp;quot; is null">
      <![CDATA[java.lang.NullPointerException: Cannot invoke "com.aventstack.extentreports.ExtentTest.log(com.aventstack.extentreports.Status, String)" because "this.test" is null
at com.NinzaHRMProject.generic.listenerutility.ListenerImplementation.onTestFailure(ListenerImplementation.java:60)
at java.base/java.util.ArrayList.forEach(ArrayList.java:1596)
at java.base/java.util.concurrent.FutureTask.run(FutureTask.java:317)
at java.base/java.util.concurrent.ThreadPoolExecutor.runWorker(ThreadPoolExecutor.java:1144)
at java.base/java.util.concurrent.ThreadPoolExecutor$Worker.run(ThreadPoolExecutor.java:642)
at java.base/java.lang.Thread.run(Thread.java:1583)
... Removed 14 stack frames]]>
    </failure>
  </testcase> <!-- test1_2 -->
  <testcase classname="com.NinzaHRMProject.generic.baseclassutility.BaseClass" name="@BeforeSuite configBS" time="0.0">
    <ignored/>
  </testcase> <!-- @BeforeSuite configBS -->
  <testcase classname="com.NinzaHRMProject.generic.baseclassutility.BaseClass" name="@BeforeSuite configBS" time="0.0">
    <ignored/>
  </testcase> <!-- @BeforeSuite configBS -->
  <testcase classname="com.NinzaHRMProject.generic.baseclassutility.BaseClass" name="@AfterSuite cofigAS" time="0.0">
    <ignored/>
  </testcase> <!-- @AfterSuite cofigAS -->
  <testcase classname="com.NinzaHRMProject.generic.baseclassutility.BaseClass" name="@AfterSuite cofigAS" time="0.0">
    <ignored/>
  </testcase> <!-- @AfterSuite cofigAS -->
</testsuite> <!-- Test2 -->
